<?xml version="1.0" encoding="UTF-8"?>
<testsuite xmlns:xsi="http://www.w3.org/2001/XMLSchema-instance" xsi:noNamespaceSchemaLocation="https://maven.apache.org/surefire/maven-surefire-plugin/xsd/surefire-test-report-3.0.xsd" version="3.0" name="TestSuite" time="103.568" tests="12" errors="0" skipped="0" failures="0">
  <properties>
    <property name="java.specification.version" value="14"/>
    <property name="webdriver.chrome.driver" value="C:\Users\Khaled M. Farh\eclipse-workspace\VodafoneAutomationTask\DriversFiles\chromedriver.exe"/>
    <property name="sun.cpu.isalist" value="amd64"/>
    <property name="sun.jnu.encoding" value="Cp1252"/>
    <property name="java.class.path" value="C:\Users\Khaled M. Farh\eclipse-workspace\VodafoneAutomationTask\target\test-classes;C:\Users\Khaled M. Farh\eclipse-workspace\VodafoneAutomationTask\target\classes;C:\Users\Khaled M. Farh\.m2\repository\org\json\json\20200518\json-20200518.jar;C:\Users\Khaled M. Farh\.m2\repository\com\googlecode\json-simple\json-simple\1.1.1\json-simple-1.1.1.jar;C:\Users\Khaled M. Farh\.m2\repository\junit\junit\4.10\junit-4.10.jar;C:\Users\Khaled M. Farh\.m2\repository\org\hamcrest\hamcrest-core\1.1\hamcrest-core-1.1.jar;C:\Users\Khaled M. Farh\.m2\repository\org\testng\testng\7.0.0\testng-7.0.0.jar;C:\Users\Khaled M. Farh\.m2\repository\com\beust\jcommander\1.72\jcommander-1.72.jar;C:\Users\Khaled M. Farh\.m2\repository\org\seleniumhq\selenium\selenium-java\3.141.59\selenium-java-3.141.59.jar;C:\Users\Khaled M. Farh\.m2\repository\org\seleniumhq\selenium\selenium-api\3.141.59\selenium-api-3.141.59.jar;C:\Users\Khaled M. Farh\.m2\repository\org\seleniumhq\selenium\selenium-chrome-driver\3.141.59\selenium-chrome-driver-3.141.59.jar;C:\Users\Khaled M. Farh\.m2\repository\org\seleniumhq\selenium\selenium-edge-driver\3.141.59\selenium-edge-driver-3.141.59.jar;C:\Users\Khaled M. Farh\.m2\repository\org\seleniumhq\selenium\selenium-firefox-driver\3.141.59\selenium-firefox-driver-3.141.59.jar;C:\Users\Khaled M. Farh\.m2\repository\org\seleniumhq\selenium\selenium-ie-driver\3.141.59\selenium-ie-driver-3.141.59.jar;C:\Users\Khaled M. Farh\.m2\repository\org\seleniumhq\selenium\selenium-opera-driver\3.141.59\selenium-opera-driver-3.141.59.jar;C:\Users\Khaled M. Farh\.m2\repository\org\seleniumhq\selenium\selenium-remote-driver\3.141.59\selenium-remote-driver-3.141.59.jar;C:\Users\Khaled M. Farh\.m2\repository\org\seleniumhq\selenium\selenium-safari-driver\3.141.59\selenium-safari-driver-3.141.59.jar;C:\Users\Khaled M. Farh\.m2\repository\org\seleniumhq\selenium\selenium-support\3.141.59\selenium-support-3.141.59.jar;C:\Users\Khaled M. Farh\.m2\repository\net\bytebuddy\byte-buddy\1.8.15\byte-buddy-1.8.15.jar;C:\Users\Khaled M. Farh\.m2\repository\org\apache\commons\commons-exec\1.3\commons-exec-1.3.jar;C:\Users\Khaled M. Farh\.m2\repository\com\squareup\okhttp3\okhttp\3.11.0\okhttp-3.11.0.jar;C:\Users\Khaled M. Farh\.m2\repository\com\squareup\okio\okio\1.14.0\okio-1.14.0.jar;C:\Users\Khaled M. Farh\.m2\repository\com\google\guava\guava\29.0-jre\guava-29.0-jre.jar;C:\Users\Khaled M. Farh\.m2\repository\com\google\guava\failureaccess\1.0.1\failureaccess-1.0.1.jar;C:\Users\Khaled M. Farh\.m2\repository\com\google\guava\listenablefuture\9999.0-empty-to-avoid-conflict-with-guava\listenablefuture-9999.0-empty-to-avoid-conflict-with-guava.jar;C:\Users\Khaled M. Farh\.m2\repository\com\google\code\findbugs\jsr305\3.0.2\jsr305-3.0.2.jar;C:\Users\Khaled M. Farh\.m2\repository\org\checkerframework\checker-qual\2.11.1\checker-qual-2.11.1.jar;C:\Users\Khaled M. Farh\.m2\repository\com\google\errorprone\error_prone_annotations\2.3.4\error_prone_annotations-2.3.4.jar;C:\Users\Khaled M. Farh\.m2\repository\com\google\j2objc\j2objc-annotations\1.3\j2objc-annotations-1.3.jar;C:\Users\Khaled M. Farh\.m2\repository\org\apache\poi\poi-ooxml\4.1.2\poi-ooxml-4.1.2.jar;C:\Users\Khaled M. Farh\.m2\repository\org\apache\poi\poi-ooxml-schemas\4.1.2\poi-ooxml-schemas-4.1.2.jar;C:\Users\Khaled M. Farh\.m2\repository\org\apache\xmlbeans\xmlbeans\3.1.0\xmlbeans-3.1.0.jar;C:\Users\Khaled M. Farh\.m2\repository\org\apache\commons\commons-compress\1.19\commons-compress-1.19.jar;C:\Users\Khaled M. Farh\.m2\repository\com\github\virtuald\curvesapi\1.06\curvesapi-1.06.jar;C:\Users\Khaled M. Farh\.m2\repository\org\apache\poi\poi\4.1.2\poi-4.1.2.jar;C:\Users\Khaled M. Farh\.m2\repository\commons-codec\commons-codec\1.13\commons-codec-1.13.jar;C:\Users\Khaled M. Farh\.m2\repository\org\apache\commons\commons-collections4\4.4\commons-collections4-4.4.jar;C:\Users\Khaled M. Farh\.m2\repository\org\apache\commons\commons-math3\3.6.1\commons-math3-3.6.1.jar;C:\Users\Khaled M. Farh\.m2\repository\com\zaxxer\SparseBitSet\1.2\SparseBitSet-1.2.jar;"/>
    <property name="java.vm.vendor" value="Oracle Corporation"/>
    <property name="sun.arch.data.model" value="64"/>
    <property name="user.variant" value=""/>
    <property name="java.vendor.url" value="https://java.oracle.com/"/>
    <property name="user.timezone" value="Africa/Cairo"/>
    <property name="os.name" value="Windows 10"/>
    <property name="java.vm.specification.version" value="14"/>
    <property name="sun.java.launcher" value="SUN_STANDARD"/>
    <property name="user.country" value="US"/>
    <property name="sun.boot.library.path" value="C:\Program Files\Java\jdk-14\bin"/>
    <property name="sun.java.command" value="C:\Users\Khaled M. Farh\AppData\Local\Temp\surefire2483316309736767613\surefirebooter17284108474404437527.jar C:\Users\Khaled M. Farh\AppData\Local\Temp\surefire2483316309736767613 2020-09-19T16-31-07_697-jvmRun1 surefire14312122209107669055tmp surefire_013044777523265224338tmp"/>
    <property name="jdk.debug" value="release"/>
    <property name="surefire.test.class.path" value="C:\Users\Khaled M. Farh\eclipse-workspace\VodafoneAutomationTask\target\test-classes;C:\Users\Khaled M. Farh\eclipse-workspace\VodafoneAutomationTask\target\classes;C:\Users\Khaled M. Farh\.m2\repository\org\json\json\20200518\json-20200518.jar;C:\Users\Khaled M. Farh\.m2\repository\com\googlecode\json-simple\json-simple\1.1.1\json-simple-1.1.1.jar;C:\Users\Khaled M. Farh\.m2\repository\junit\junit\4.10\junit-4.10.jar;C:\Users\Khaled M. Farh\.m2\repository\org\hamcrest\hamcrest-core\1.1\hamcrest-core-1.1.jar;C:\Users\Khaled M. Farh\.m2\repository\org\testng\testng\7.0.0\testng-7.0.0.jar;C:\Users\Khaled M. Farh\.m2\repository\com\beust\jcommander\1.72\jcommander-1.72.jar;C:\Users\Khaled M. Farh\.m2\repository\org\seleniumhq\selenium\selenium-java\3.141.59\selenium-java-3.141.59.jar;C:\Users\Khaled M. Farh\.m2\repository\org\seleniumhq\selenium\selenium-api\3.141.59\selenium-api-3.141.59.jar;C:\Users\Khaled M. Farh\.m2\repository\org\seleniumhq\selenium\selenium-chrome-driver\3.141.59\selenium-chrome-driver-3.141.59.jar;C:\Users\Khaled M. Farh\.m2\repository\org\seleniumhq\selenium\selenium-edge-driver\3.141.59\selenium-edge-driver-3.141.59.jar;C:\Users\Khaled M. Farh\.m2\repository\org\seleniumhq\selenium\selenium-firefox-driver\3.141.59\selenium-firefox-driver-3.141.59.jar;C:\Users\Khaled M. Farh\.m2\repository\org\seleniumhq\selenium\selenium-ie-driver\3.141.59\selenium-ie-driver-3.141.59.jar;C:\Users\Khaled M. Farh\.m2\repository\org\seleniumhq\selenium\selenium-opera-driver\3.141.59\selenium-opera-driver-3.141.59.jar;C:\Users\Khaled M. Farh\.m2\repository\org\seleniumhq\selenium\selenium-remote-driver\3.141.59\selenium-remote-driver-3.141.59.jar;C:\Users\Khaled M. Farh\.m2\repository\org\seleniumhq\selenium\selenium-safari-driver\3.141.59\selenium-safari-driver-3.141.59.jar;C:\Users\Khaled M. Farh\.m2\repository\org\seleniumhq\selenium\selenium-support\3.141.59\selenium-support-3.141.59.jar;C:\Users\Khaled M. Farh\.m2\repository\net\bytebuddy\byte-buddy\1.8.15\byte-buddy-1.8.15.jar;C:\Users\Khaled M. Farh\.m2\repository\org\apache\commons\commons-exec\1.3\commons-exec-1.3.jar;C:\Users\Khaled M. Farh\.m2\repository\com\squareup\okhttp3\okhttp\3.11.0\okhttp-3.11.0.jar;C:\Users\Khaled M. Farh\.m2\repository\com\squareup\okio\okio\1.14.0\okio-1.14.0.jar;C:\Users\Khaled M. Farh\.m2\repository\com\google\guava\guava\29.0-jre\guava-29.0-jre.jar;C:\Users\Khaled M. Farh\.m2\repository\com\google\guava\failureaccess\1.0.1\failureaccess-1.0.1.jar;C:\Users\Khaled M. Farh\.m2\repository\com\google\guava\listenablefuture\9999.0-empty-to-avoid-conflict-with-guava\listenablefuture-9999.0-empty-to-avoid-conflict-with-guava.jar;C:\Users\Khaled M. Farh\.m2\repository\com\google\code\findbugs\jsr305\3.0.2\jsr305-3.0.2.jar;C:\Users\Khaled M. Farh\.m2\repository\org\checkerframework\checker-qual\2.11.1\checker-qual-2.11.1.jar;C:\Users\Khaled M. Farh\.m2\repository\com\google\errorprone\error_prone_annotations\2.3.4\error_prone_annotations-2.3.4.jar;C:\Users\Khaled M. Farh\.m2\repository\com\google\j2objc\j2objc-annotations\1.3\j2objc-annotations-1.3.jar;C:\Users\Khaled M. Farh\.m2\repository\org\apache\poi\poi-ooxml\4.1.2\poi-ooxml-4.1.2.jar;C:\Users\Khaled M. Farh\.m2\repository\org\apache\poi\poi-ooxml-schemas\4.1.2\poi-ooxml-schemas-4.1.2.jar;C:\Users\Khaled M. Farh\.m2\repository\org\apache\xmlbeans\xmlbeans\3.1.0\xmlbeans-3.1.0.jar;C:\Users\Khaled M. Farh\.m2\repository\org\apache\commons\commons-compress\1.19\commons-compress-1.19.jar;C:\Users\Khaled M. Farh\.m2\repository\com\github\virtuald\curvesapi\1.06\curvesapi-1.06.jar;C:\Users\Khaled M. Farh\.m2\repository\org\apache\poi\poi\4.1.2\poi-4.1.2.jar;C:\Users\Khaled M. Farh\.m2\repository\commons-codec\commons-codec\1.13\commons-codec-1.13.jar;C:\Users\Khaled M. Farh\.m2\repository\org\apache\commons\commons-collections4\4.4\commons-collections4-4.4.jar;C:\Users\Khaled M. Farh\.m2\repository\org\apache\commons\commons-math3\3.6.1\commons-math3-3.6.1.jar;C:\Users\Khaled M. Farh\.m2\repository\com\zaxxer\SparseBitSet\1.2\SparseBitSet-1.2.jar;"/>
    <property name="sun.cpu.endian" value="little"/>
    <property name="user.home" value="C:\Users\Khaled M. Farh"/>
    <property name="user.language" value="en"/>
    <property name="java.specification.vendor" value="Oracle Corporation"/>
    <property name="java.version.date" value="2020-03-17"/>
    <property name="java.home" value="C:\Program Files\Java\jdk-14"/>
    <property name="file.separator" value="\"/>
    <property name="basedir" value="C:\Users\Khaled M. Farh\eclipse-workspace\VodafoneAutomationTask"/>
    <property name="java.vm.compressedOopsMode" value="32-bit"/>
    <property name="line.separator" value="&#10;"/>
    <property name="java.vm.specification.vendor" value="Oracle Corporation"/>
    <property name="java.specification.name" value="Java Platform API Specification"/>
    <property name="surefire.real.class.path" value="C:\Users\Khaled M. Farh\AppData\Local\Temp\surefire2483316309736767613\surefirebooter17284108474404437527.jar"/>
    <property name="user.script" value=""/>
    <property name="sun.management.compiler" value="HotSpot 64-Bit Tiered Compilers"/>
    <property name="java.runtime.version" value="14+36-1461"/>
    <property name="user.name" value="Khaled M. Farh"/>
    <property name="path.separator" value=";"/>
    <property name="os.version" value="10.0"/>
    <property name="java.runtime.name" value="Java(TM) SE Runtime Environment"/>
    <property name="file.encoding" value="Cp1252"/>
    <property name="java.vm.name" value="Java HotSpot(TM) 64-Bit Server VM"/>
    <property name="localRepository" value="C:\Users\Khaled M. Farh\.m2\repository"/>
    <property name="java.vendor.url.bug" value="https://bugreport.java.com/bugreport/"/>
    <property name="java.io.tmpdir" value="C:\Users\KHALED~1.FAR\AppData\Local\Temp\"/>
    <property name="java.version" value="14"/>
    <property name="user.dir" value="C:\Users\Khaled M. Farh\eclipse-workspace\VodafoneAutomationTask"/>
    <property name="os.arch" value="amd64"/>
    <property name="java.vm.specification.name" value="Java Virtual Machine Specification"/>
    <property name="sun.os.patch.level" value=""/>
    <property name="java.library.path" value="C:\Program Files\Java\jdk-14\bin;C:\Windows\Sun\Java\bin;C:\Windows\system32;C:\Windows;C:\Python38\Scripts\;C:\Python38\;C:\Program Files (x86)\Common Files\Oracle\Java\javapath;C:\ProgramData\Oracle\Java\javapath;C:\Program Files (x86)\Intel\iCLS Client\;C:\Program Files\Intel\iCLS Client\;C:\Windows\system32;C:\Windows;C:\Windows\System32\Wbem;C:\Windows\System32\WindowsPowerShell\v1.0\;C:\Windows\System32\OpenSSH\;C:\Program Files (x86)\Intel\Intel(R) Management Engine Components\DAL;C:\Program Files\Intel\Intel(R) Management Engine Components\DAL;C:\Program Files (x86)\Intel\Intel(R) Management Engine Components\IPT;C:\Program Files\Intel\Intel(R) Management Engine Components\IPT;C:\Program Files\Java\jdk-14\bin;C:\Users\Khaled M. Farh\AppData\Local\Android\Sdk\platforms;C:\Users\Khaled M. Farh\AppData\Local\Android\Sdk\platform-tools;C:\Users\Khaled M. Farh\AppData\Local\Android\Sdk\build-tools;C:\Program Files\apache-maven-3.6.3-bin\apache-maven-3.6.3\bin;C:\Program Files\Git\cmd;C:\Program Files (x86)\Brackets\command;C:\Program Files\nodejs\;C:\ProgramData\chocolatey\bin;G:\axis2-1.6.2\axis2-1.6.2\bin;C:\Users\Khaled M. Farh\AppData\Local\Microsoft\WindowsApps;C:\Users\Khaled M. Farh\AppData\Roaming\npm;C:\Users\Khaled M. Farh\AppData\Local\Programs\Microsoft VS Code\bin;."/>
    <property name="java.vm.info" value="mixed mode, sharing"/>
    <property name="java.vendor" value="Oracle Corporation"/>
    <property name="java.vm.version" value="14+36-1461"/>
    <property name="sun.io.unicode.encoding" value="UnicodeLittle"/>
    <property name="java.class.version" value="58.0"/>
  </properties>
  <testcase name="VerfiyNavigatioToAuthincaitonPage" classname="TestrRpository.HomePageTest" time="1.758">
    <system-err><![CDATA[Starting ChromeDriver 84.0.4147.30 (48b3e868b4cc0aa7e8149519690b6f6949e110a8-refs/branch-heads/4147@{#310}) on port 36374
Only local connections are allowed.
Please see https://chromedriver.chromium.org/security-considerations for suggestions on keeping ChromeDriver safe.
ChromeDriver was started successfully.
[1600525870.971][WARNING]: This version of ChromeDriver has not been tested with Chrome version 85.
Sep 19, 2020 4:31:13 PM org.openqa.selenium.remote.ProtocolHandshake createSession
INFO: Detected dialect: W3C
]]></system-err>
  </testcase>
  <testcase name="VerfiyWindowsSize" classname="TestrRpository.HomePageTest" time="0.004"/>
  <testcase name="VerfiyCreatAccountBoxIsExist" classname="TestrRpository.AuthincaitonTests" time="2.736">
    <system-out><![CDATA[===== Invoked methods
  TestBase.Browser_Init()[pri:0, instance:TestrRpository.HomePageTest@3bbc39f8] 1002191352
    HomePageTest.VerfiyNavigatioToAuthincaitonPage()[pri:0, instance:TestrRpository.HomePageTest@3bbc39f8] 1002191352
    HomePageTest.VerfiyWindowsSize()[pri:0, instance:TestrRpository.HomePageTest@3bbc39f8] 1002191352
  TestBase.Browser_Terdown()[pri:0, instance:TestrRpository.HomePageTest@3bbc39f8] 1002191352
=====
PASSED: VerfiyNavigatioToAuthincaitonPage
PASSED: VerfiyWindowsSize

===============================================
    HomePageTest
    Tests run: 2, Failures: 0, Skips: 0
===============================================

PASSED: VerfiyNavigatioToAuthincaitonPage
PASSED: VerfiyWindowsSize

===============================================
    AuthincaitonTests
    Tests run: 2, Failures: 0, Skips: 0
===============================================

PASSED: VerfiyNavigatioToAuthincaitonPage
PASSED: VerfiyWindowsSize

===============================================
    CreateAccountTests
    Tests run: 2, Failures: 0, Skips: 0
===============================================

PASSED: VerfiyNavigatioToAuthincaitonPage
PASSED: VerfiyWindowsSize

===============================================
    ShoppingTest
    Tests run: 2, Failures: 0, Skips: 0
===============================================

]]></system-out>
    <system-err><![CDATA[Starting ChromeDriver 84.0.4147.30 (48b3e868b4cc0aa7e8149519690b6f6949e110a8-refs/branch-heads/4147@{#310}) on port 28617
Only local connections are allowed.
Please see https://chromedriver.chromium.org/security-considerations for suggestions on keeping ChromeDriver safe.
ChromeDriver was started successfully.
[1600525885.981][WARNING]: This version of ChromeDriver has not been tested with Chrome version 85.
Sep 19, 2020 4:31:28 PM org.openqa.selenium.remote.ProtocolHandshake createSession
INFO: Detected dialect: W3C
]]></system-err>
  </testcase>
  <testcase name="VerfiyLoginBoxIsExist" classname="TestrRpository.AuthincaitonTests" time="0.042"/>
  <testcase name="VerfiyMandtoryEmailFiled" classname="TestrRpository.AuthincaitonTests" time="1.196"/>
  <testcase name="VerfiyCreateaccountButton" classname="TestrRpository.AuthincaitonTests" time="0.224"/>
  <testcase name="VerfiyLogintoRegistedAccount" classname="TestrRpository.AuthincaitonTests" time="11.277"/>
  <testcase name="validatEmailIsInsrted" classname="TestrRpository.CreateAccountTests" time="3.368">
    <system-out><![CDATA[===== Invoked methods
  TestBase.Browser_Init()[pri:0, instance:TestrRpository.AuthincaitonTests@48524010] 1213349904
    AuthincaitonTests.VerfiyCreatAccountBoxIsExist()[pri:0, instance:TestrRpository.AuthincaitonTests@48524010] 1213349904
    AuthincaitonTests.VerfiyLoginBoxIsExist()[pri:0, instance:TestrRpository.AuthincaitonTests@48524010] 1213349904
    AuthincaitonTests.VerfiyMandtoryEmailFiled()[pri:0, instance:TestrRpository.AuthincaitonTests@48524010] 1213349904
    AuthincaitonTests.VerfiyCreateaccountButton()[pri:0, instance:TestrRpository.AuthincaitonTests@48524010] 1213349904
    AuthincaitonTests.VerfiyLogintoRegistedAccount()[pri:0, instance:TestrRpository.AuthincaitonTests@48524010] 1213349904
  TestBase.Browser_Terdown()[pri:0, instance:TestrRpository.AuthincaitonTests@48524010] 1213349904
=====
PASSED: VerfiyNavigatioToAuthincaitonPage
PASSED: VerfiyWindowsSize
PASSED: VerfiyCreatAccountBoxIsExist
PASSED: VerfiyLoginBoxIsExist
PASSED: VerfiyMandtoryEmailFiled
PASSED: VerfiyCreateaccountButton
PASSED: VerfiyLogintoRegistedAccount

===============================================
    AuthincaitonTests
    Tests run: 7, Failures: 0, Skips: 0
===============================================

PASSED: VerfiyNavigatioToAuthincaitonPage
PASSED: VerfiyWindowsSize
PASSED: VerfiyCreatAccountBoxIsExist
PASSED: VerfiyLoginBoxIsExist
PASSED: VerfiyMandtoryEmailFiled
PASSED: VerfiyCreateaccountButton
PASSED: VerfiyLogintoRegistedAccount

===============================================
    CreateAccountTests
    Tests run: 7, Failures: 0, Skips: 0
===============================================

PASSED: VerfiyNavigatioToAuthincaitonPage
PASSED: VerfiyWindowsSize
PASSED: VerfiyCreatAccountBoxIsExist
PASSED: VerfiyLoginBoxIsExist
PASSED: VerfiyMandtoryEmailFiled
PASSED: VerfiyCreateaccountButton
PASSED: VerfiyLogintoRegistedAccount

===============================================
    ShoppingTest
    Tests run: 7, Failures: 0, Skips: 0
===============================================

]]></system-out>
    <system-err><![CDATA[Starting ChromeDriver 84.0.4147.30 (48b3e868b4cc0aa7e8149519690b6f6949e110a8-refs/branch-heads/4147@{#310}) on port 30516
Only local connections are allowed.
Please see https://chromedriver.chromium.org/security-considerations for suggestions on keeping ChromeDriver safe.
ChromeDriver was started successfully.
[1600525919.033][WARNING]: This version of ChromeDriver has not been tested with Chrome version 85.
Sep 19, 2020 4:32:01 PM org.openqa.selenium.remote.ProtocolHandshake createSession
INFO: Detected dialect: W3C
]]></system-err>
  </testcase>
  <testcase name="validateMandatoryFiled" classname="TestrRpository.CreateAccountTests" time="1.634"/>
  <testcase name="validatePasswordFiledLimits" classname="TestrRpository.CreateAccountTests" time="0.152"/>
  <testcase name="ValidateUserRegestration" classname="TestrRpository.CreateAccountTests" time="3.014">
    <system-out><![CDATA[
]]></system-out>
  </testcase>
  <testcase name="VerfiyPlacingOrder" classname="TestrRpository.ShoppingTest" time="20.62">
    <system-out><![CDATA[===== Invoked methods
  TestBase.Browser_Init()[pri:0, instance:TestrRpository.CreateAccountTests@15761df8] 360062456
    CreateAccountTests.validatEmailIsInsrted()[pri:0, instance:TestrRpository.CreateAccountTests@15761df8] 360062456
    CreateAccountTests.validateMandatoryFiled()[pri:0, instance:TestrRpository.CreateAccountTests@15761df8] 360062456
    CreateAccountTests.validatePasswordFiledLimits()[pri:0, instance:TestrRpository.CreateAccountTests@15761df8] 360062456
    CreateAccountTests.ValidateUserRegestration()[pri:0, instance:TestrRpository.CreateAccountTests@15761df8] 360062456
  TestBase.Browser_Terdown()[pri:0, instance:TestrRpository.CreateAccountTests@15761df8] 360062456
=====
PASSED: VerfiyNavigatioToAuthincaitonPage
PASSED: VerfiyWindowsSize
PASSED: VerfiyCreatAccountBoxIsExist
PASSED: VerfiyLoginBoxIsExist
PASSED: VerfiyMandtoryEmailFiled
PASSED: VerfiyCreateaccountButton
PASSED: VerfiyLogintoRegistedAccount
PASSED: validatEmailIsInsrted
PASSED: validateMandatoryFiled
PASSED: validatePasswordFiledLimits
PASSED: ValidateUserRegestration

===============================================
    CreateAccountTests
    Tests run: 11, Failures: 0, Skips: 0
===============================================

PASSED: VerfiyNavigatioToAuthincaitonPage
PASSED: VerfiyWindowsSize
PASSED: VerfiyCreatAccountBoxIsExist
PASSED: VerfiyLoginBoxIsExist
PASSED: VerfiyMandtoryEmailFiled
PASSED: VerfiyCreateaccountButton
PASSED: VerfiyLogintoRegistedAccount
PASSED: validatEmailIsInsrted
PASSED: validateMandatoryFiled
PASSED: validatePasswordFiledLimits
PASSED: ValidateUserRegestration

===============================================
    ShoppingTest
    Tests run: 11, Failures: 0, Skips: 0
===============================================

]]></system-out>
    <system-err><![CDATA[Starting ChromeDriver 84.0.4147.30 (48b3e868b4cc0aa7e8149519690b6f6949e110a8-refs/branch-heads/4147@{#310}) on port 28646
Only local connections are allowed.
Please see https://chromedriver.chromium.org/security-considerations for suggestions on keeping ChromeDriver safe.
ChromeDriver was started successfully.
[1600525940.005][WARNING]: This version of ChromeDriver has not been tested with Chrome version 85.
Sep 19, 2020 4:32:22 PM org.openqa.selenium.remote.ProtocolHandshake createSession
INFO: Detected dialect: W3C
]]></system-err>
  </testcase>
</testsuite>