<?xml version="1.0" encoding="UTF-8"?>
<!-- Generated by org.testng.reporters.JUnitReportReporter -->
<testsuite skipped="0" hostname="DESKTOP-M8M2LU8" name="TestrRpository.CreateAccountTests" tests="4" failures="0" timestamp="2020-09-19T16:11:14 EET" time="10.036" errors="0">
  <testcase name="validatEmailIsInsrted" time="4.408" classname="TestrRpository.CreateAccountTests"/>
  <testcase name="validateMandatoryFiled" time="1.870" classname="TestrRpository.CreateAccountTests"/>
  <testcase name="ValidateUserRegestration" time="3.586" classname="TestrRpository.CreateAccountTests"/>
  <testcase name="validatePasswordFiledLimits" time="0.172" classname="TestrRpository.CreateAccountTests"/>
</testsuite> <!-- TestrRpository.CreateAccountTests -->
