<?xml version="1.0" encoding="UTF-8"?>
<!-- Generated by org.testng.reporters.JUnitReportReporter -->
<testsuite skipped="0" hostname="DESKTOP-M8M2LU8" name="TestrRpository.HomePageTest" tests="2" failures="0" timestamp="2020-09-19T16:28:46 EET" time="1.983" errors="0">
  <testcase name="VerfiyWindowsSize" time="0.007" classname="TestrRpository.HomePageTest"/>
  <testcase name="VerfiyNavigatioToAuthincaitonPage" time="1.976" classname="TestrRpository.HomePageTest"/>
</testsuite> <!-- TestrRpository.HomePageTest -->
