<?xml version="1.0" encoding="UTF-8"?>
<!-- Generated by org.testng.reporters.JUnitReportReporter -->
<testsuite skipped="0" hostname="DESKTOP-M8M2LU8" name="TestrRpository.ShoppingTest" tests="1" failures="0" timestamp="2020-09-19T16:11:14 EET" time="22.194" errors="0">
  <testcase name="VerfiyPlacingOrder" time="22.194" classname="TestrRpository.ShoppingTest"/>
</testsuite> <!-- TestrRpository.ShoppingTest -->
