<?xml version="1.0" encoding="UTF-8"?>
<!-- Generated by org.testng.reporters.JUnitReportReporter -->
<testsuite skipped="0" hostname="DESKTOP-M8M2LU8" name="TestrRpository.AuthincaitonTests" tests="5" failures="0" timestamp="2020-09-19T16:11:14 EET" time="16.343" errors="0">
  <testcase name="VerfiyLoginBoxIsExist" time="0.047" classname="TestrRpository.AuthincaitonTests"/>
  <testcase name="VerfiyLogintoRegistedAccount" time="12.321" classname="TestrRpository.AuthincaitonTests"/>
  <testcase name="VerfiyMandtoryEmailFiled" time="0.726" classname="TestrRpository.AuthincaitonTests"/>
  <testcase name="VerfiyCreateaccountButton" time="0.246" classname="TestrRpository.AuthincaitonTests"/>
  <testcase name="VerfiyCreatAccountBoxIsExist" time="3.003" classname="TestrRpository.AuthincaitonTests"/>
</testsuite> <!-- TestrRpository.AuthincaitonTests -->
