<?xml version="1.0" encoding="UTF-8"?>
<!-- Generated by org.testng.reporters.JUnitReportReporter -->
<testsuite hostname="DESKTOP-M8M2LU8" failures="0" tests="2" name="TestrRpository.HomePageTest" time="1.814" errors="0" timestamp="2020-09-19T16:32:52 EET" skipped="0">
  <testcase classname="TestrRpository.HomePageTest" name="VerfiyWindowsSize" time="0.005"/>
  <testcase classname="TestrRpository.HomePageTest" name="VerfiyNavigatioToAuthincaitonPage" time="1.809"/>
</testsuite> <!-- TestrRpository.HomePageTest -->
