<?xml version="1.0" encoding="UTF-8"?>
<!-- Generated by org.testng.reporters.JUnitReportReporter -->
<testsuite hostname="DESKTOP-M8M2LU8" failures="0" tests="5" name="TestrRpository.AuthincaitonTests" time="15.606" errors="0" timestamp="2020-09-19T16:32:52 EET" skipped="0">
  <testcase classname="TestrRpository.AuthincaitonTests" name="VerfiyMandtoryEmailFiled" time="1.196"/>
  <testcase classname="TestrRpository.AuthincaitonTests" name="VerfiyCreatAccountBoxIsExist" time="2.868"/>
  <testcase classname="TestrRpository.AuthincaitonTests" name="VerfiyLoginBoxIsExist" time="0.042"/>
  <testcase classname="TestrRpository.AuthincaitonTests" name="VerfiyCreateaccountButton" time="0.223"/>
  <testcase classname="TestrRpository.AuthincaitonTests" name="VerfiyLogintoRegistedAccount" time="11.277"/>
</testsuite> <!-- TestrRpository.AuthincaitonTests -->
