<?xml version="1.0" encoding="UTF-8"?>
<!-- Generated by org.testng.reporters.JUnitReportReporter -->
<testsuite hostname="DESKTOP-M8M2LU8" failures="0" tests="1" name="TestrRpository.ShoppingTest" time="20.832" errors="0" timestamp="2020-09-19T16:32:52 EET" skipped="0">
  <testcase classname="TestrRpository.ShoppingTest" name="VerfiyPlacingOrder" time="20.832"/>
</testsuite> <!-- TestrRpository.ShoppingTest -->
